{
  "RSpec": {
    "coverage": {
      "/Users/christhomas/tech_tests/bank/spec/atm_spec.rb": {
        "lines": [
          1,
          null,
          1,
          null,
          1,
          null,
          1,
          1,
          null,
          null,
          1,
          1,
          null,
          null,
          null,
          1,
          1,
          1,
          1,
          null,
          null,
          1,
          1,
          1,
          1,
          null,
          null,
          1,
          1,
          null,
          null,
          1,
          1,
          1,
          1,
          1,
          null,
          null,
          null,
          1,
          1,
          1,
          1,
          1,
          null,
          null,
          1,
          1,
          1,
          1,
          1,
          null,
          null,
          1,
          1,
          1,
          null,
          null,
          1,
          1,
          1,
          null,
          null,
          1,
          1,
          1,
          1,
          1,
          null,
          null,
          null,
          null,
          1,
          1,
          1,
          null,
          null,
          1,
          1,
          1,
          null,
          null,
          1,
          1,
          1,
          1,
          null,
          null,
          null,
          null,
          null
        ]
      },
      "/Users/christhomas/tech_tests/bank/atm.rb": {
        "lines": [
          1,
          null,
          1,
          null,
          1,
          14,
          null,
          null,
          null,
          1,
          14,
          12,
          12,
          null,
          2,
          null,
          null,
          null,
          1,
          10,
          8,
          null,
          2,
          null,
          null,
          null,
          1,
          3,
          null,
          null,
          1,
          null,
          null,
          1,
          8,
          3,
          3,
          null,
          5,
          5,
          null,
          null,
          1,
          24,
          20,
          null,
          4,
          null,
          null,
          null,
          1,
          20,
          16,
          null,
          4,
          null,
          null,
          null
        ]
      }
    },
    "timestamp": 1643642422
  }
}
