{
  "RSpec": {
    "coverage": {
      "/Users/christhomas/tech_tests/bank/spec/atm_bank_spec.rb": {
        "lines": [
          null,
          null,
          1,
          null,
          1,
          1,
          1,
          null,
          null,
          1,
          1,
          1,
          1,
          null,
          null,
          1,
          1,
          1,
          1,
          null,
          null,
          null,
          1,
          1,
          1,
          1,
          1,
          null,
          null,
          1,
          1,
          1,
          1,
          1,
          null,
          null,
          1,
          1,
          null,
          null,
          null
        ]
      },
      "/Users/christhomas/tech_tests/bank/atm_bank.rb": {
        "lines": [
          null,
          null,
          1,
          null,
          1,
          1,
          null,
          1,
          20,
          null,
          null,
          1,
          12,
          12,
          null,
          null,
          1,
          20,
          20,
          null,
          null,
          1,
          13,
          4,
          4,
          null,
          9,
          null,
          null
        ]
      },
      "/Users/christhomas/tech_tests/bank/spec/atm_feature_tests_spec.rb": {
        "lines": [
          1,
          null,
          1,
          null,
          1,
          1,
          1,
          1,
          1,
          1,
          null,
          null,
          1,
          1,
          1,
          1,
          1,
          1,
          1,
          1,
          1,
          null,
          null,
          1,
          1,
          1,
          1,
          1,
          1,
          1,
          1,
          null,
          null
        ]
      },
      "/Users/christhomas/tech_tests/bank/atm.rb": {
        "lines": [
          null,
          null,
          1,
          1,
          1,
          null,
          1,
          1,
          30,
          30,
          null,
          null,
          1,
          6,
          6,
          null,
          null,
          1,
          23,
          20,
          20,
          null,
          3,
          null,
          null,
          null,
          1,
          15,
          12,
          9,
          9,
          null,
          3,
          null,
          null,
          3,
          null,
          null,
          null,
          1,
          8,
          null,
          null,
          1,
          null,
          1,
          38,
          32,
          null,
          6,
          null,
          null,
          null,
          1,
          70,
          61,
          null,
          9,
          null,
          null,
          null
        ]
      },
      "/Users/christhomas/tech_tests/bank/atm_printer.rb": {
        "lines": [
          null,
          null,
          1,
          1,
          1,
          18,
          null,
          null,
          1,
          12,
          12,
          10,
          29,
          null,
          null,
          12,
          12,
          null,
          null,
          1,
          28,
          null,
          null
        ]
      },
      "/Users/christhomas/tech_tests/bank/spec/atm_printer_spec.rb": {
        "lines": [
          null,
          null,
          1,
          null,
          1,
          1,
          1,
          1,
          null,
          null,
          1,
          1,
          1,
          1,
          null,
          null,
          null,
          1,
          1,
          1,
          1,
          null,
          null,
          null,
          1,
          1,
          1,
          1,
          1,
          null,
          null,
          null
        ]
      },
      "/Users/christhomas/tech_tests/bank/spec/atm_spec.rb": {
        "lines": [
          null,
          null,
          1,
          null,
          1,
          1,
          16,
          16,
          16,
          null,
          1,
          1,
          1,
          1,
          null,
          null,
          1,
          1,
          1,
          null,
          null,
          null,
          1,
          1,
          1,
          1,
          1,
          1,
          1,
          null,
          null,
          1,
          1,
          1,
          1,
          1,
          1,
          1,
          1,
          1,
          null,
          null,
          1,
          1,
          1,
          1,
          1,
          null,
          null,
          1,
          1,
          1,
          1,
          1,
          1,
          1,
          1,
          null,
          null,
          null,
          1,
          1,
          1,
          1,
          1,
          null,
          null,
          1,
          1,
          1,
          1,
          1,
          null,
          null,
          1,
          1,
          1,
          null,
          null,
          1,
          1,
          1,
          null,
          null,
          1,
          1,
          1,
          1,
          1,
          null,
          null,
          null,
          1,
          1,
          1,
          null,
          null,
          1,
          1,
          1,
          1,
          null,
          null,
          1,
          1,
          1,
          null,
          null,
          1,
          1,
          1,
          1,
          null,
          null,
          1,
          1,
          1,
          1,
          null,
          null,
          null
        ]
      }
    },
    "timestamp": 1643649895
  }
}
